<?xml version="1.0" encoding="UTF-8"?>
<!-- Generated by org.testng.reporters.JUnitReportReporter -->
<testsuite hostname="StLenovo" failures="0" tests="2" name="org.it_academy.selenium.sushivesla.SushiVeslaAPITest" time="6.534" errors="0" timestamp="2022-12-01T20:41:44 GET" skipped="0">
  <testcase classname="org.it_academy.selenium.sushivesla.SushiVeslaAPITest" name="checkSearchProductItemsWithFilterRolls" time="0.536"/>
  <system-out/>
  <testcase classname="org.it_academy.selenium.sushivesla.SushiVeslaAPITest" name="checkSearchProductItems" time="5.998"/>
  <system-out/>
</testsuite> <!-- org.it_academy.selenium.sushivesla.SushiVeslaAPITest -->
