<?xml version="1.0" encoding="UTF-8"?>
<!-- Generated by org.testng.reporters.JUnitReportReporter -->
<testsuite hostname="StLenovo" failures="0" tests="6" name="org.it_academy.selenium.onliner.local.SeleniumTest" time="67.274" errors="0" timestamp="2022-11-25T16:53:32 GET" skipped="0">
  <testcase classname="org.it_academy.selenium.onliner.local.SeleniumTest" name="checkForRequiredSections" time="9.135"/>
  <system-out/>
  <testcase classname="org.it_academy.selenium.onliner.local.SeleniumTest" name="checkContextMenuForComputersLink" time="11.720"/>
  <system-out/>
  <testcase classname="org.it_academy.selenium.onliner.local.SeleniumTest" name="checkListOfProductsInAccessoriesCategory" time="11.789"/>
  <system-out/>
  <testcase classname="org.it_academy.selenium.onliner.local.SeleniumTest" name="checkForRequiredSections" time="10.451"/>
  <system-out/>
  <testcase classname="org.it_academy.selenium.onliner.local.SeleniumTest" name="checkContextMenuForComputersLink" time="13.134"/>
  <system-out/>
  <testcase classname="org.it_academy.selenium.onliner.local.SeleniumTest" name="checkListOfProductsInAccessoriesCategory" time="11.045"/>
  <system-out/>
</testsuite> <!-- org.it_academy.selenium.onliner.local.SeleniumTest -->
