<?xml version="1.0" encoding="UTF-8"?>
<!-- Generated by org.testng.reporters.JUnitReportReporter -->
<testsuite hostname="StLenovo" failures="0" tests="3" name="org.it_academy.selenium.onliner.local.SeleniumTest" time="24.607" errors="0" timestamp="2022-12-01T20:41:44 GET" skipped="0">
  <testcase classname="org.it_academy.selenium.onliner.local.SeleniumTest" name="checkListOfProductsInAccessoriesCategory" time="6.822"/>
  <system-out/>
  <testcase classname="org.it_academy.selenium.onliner.local.SeleniumTest" name="checkForRequiredSections" time="6.844"/>
  <system-out/>
  <testcase classname="org.it_academy.selenium.onliner.local.SeleniumTest" name="checkContextMenuForComputersLink" time="10.941"/>
  <system-out/>
</testsuite> <!-- org.it_academy.selenium.onliner.local.SeleniumTest -->
